<?xml version="1.0" encoding="UTF-8"?>
<!-- Generated by org.testng.reporters.JUnitReportReporter -->
<testsuite skipped="0" hostname="LAPTOP-PPJECDFV" name="TestNG.webphp" tests="1" failures="0" timestamp="07 Jun 2019 09:49:18 GMT" time="4.185" errors="0">
  <testcase name="verify" time="4.185" classname="TestNG.webphp"/>
</testsuite> <!-- TestNG.webphp -->
