<?xml version="1.0" encoding="UTF-8"?>
<!-- Generated by org.testng.reporters.JUnitReportReporter -->
<testsuite skipped="0" hostname="LAPTOP-PPJECDFV" name="TestNG.App" tests="1" failures="0" timestamp="07 Jun 2019 12:21:05 GMT" time="3.992" errors="0">
  <testcase name="verify" time="3.992" classname="TestNG.App"/>
</testsuite> <!-- TestNG.App -->
